

内部错误:  !dbobji.cpp@7227: eNotOpenForWrite

01/19/2022 at 23:00:48.327  图形: Drawing1.dwg
-------------


内部错误:  !dbobji.cpp@7227: eNotOpenForWrite

01/20/2022 at 15:46:01.667  图形: Drawing1.dwg
-------------


致命错误:  Unhandled Access Violation Reading 0x0000 Exception at 19084424h

01/20/2022 at 21:38:13.184  图形: Drawing1.dwg
-------------


致命错误:  Unhandled Access Violation Reading 0x0000 Exception at 18849608h

01/20/2022 at 21:42:37.894  图形: Drawing1.dwg
-------------


致命错误:  Unhandled Access Violation Reading 0x0000 Exception at 18e5dc90h

01/20/2022 at 21:55:00.507  图形: Drawing1.dwg
-------------


内部错误:  !dbobji.cpp@7227: eNotOpenForWrite

01/21/2022 at 14:01:58.183  图形: Drawing1.dwg
-------------


内部错误:  !dbobji.cpp@7227: eNotOpenForWrite

01/21/2022 at 14:03:40.008  图形: Drawing1.dwg
-------------


内部错误:  !dbentapi.cpp@613: eNullObjectId

01/21/2022 at 14:28:56.061  图形: Drawing1.dwg
-------------


内部错误:  !dbentapi.cpp@613: eNullObjectId

01/21/2022 at 14:33:07.673  图形: Drawing1.dwg
-------------


内部错误:  !dbentapi.cpp@613: eNullObjectId

01/21/2022 at 15:05:32.139  图形: Drawing1.dwg
-------------


内部错误:  !dbobji.cpp@7227: eNotOpenForWrite

01/21/2022 at 15:58:22.012  图形: Drawing1.dwg
-------------


致命错误:  Unhandled Access Violation Reading 0x0000 Exception at db022800h

01/21/2022 at 17:15:56.584  图形: Drawing1.dwg
-------------


致命错误:  Unhandled Access Violation Reading 0x0000 Exception at dbf7fb0dh

01/21/2022 at 17:20:23.292  图形: Drawing1.dwg
-------------


致命错误:  Unhandled Access Violation Reading 0x0000 Exception at 1a2a2b2fh

01/21/2022 at 22:26:12.599  图形: Drawing1.dwg
-------------


致命错误:  Unhandled Access Violation Reading 0x0000 Exception at 1a633804h

01/21/2022 at 22:36:32.715  图形: Drawing1.dwg
-------------


致命错误:  Unhandled Access Violation Reading 0x0000 Exception at 1a5643bfh

01/21/2022 at 22:41:13.547  图形: Drawing1.dwg
-------------


致命错误:  Unhandled Access Violation Reading 0x0000 Exception at d85b2800h

01/25/2022 at 16:10:31.647  图形: Drawing1.dwg
-------------


致命错误:  Unhandled Access Violation Reading 0x0000 Exception at d85b2800h

01/25/2022 at 16:49:11.158  图形: Drawing1.dwg
-------------


致命错误:  Unhandled Access Violation Reading 0x0000 Exception at d85b2800h

01/25/2022 at 16:56:21.694  图形: Drawing1.dwg
-------------


致命错误:  Unhandled Access Violation Reading 0x0000 Exception at d85b2800h

01/26/2022 at 08:45:28.155  图形: Drawing1.dwg
-------------


内部错误:  !dbobji.cpp@7227: eNotOpenForWrite

01/26/2022 at 19:11:11.546  图形: Drawing1.dwg
-------------


内部错误:  !dbobji.cpp@7227: eNotOpenForWrite

01/26/2022 at 19:51:21.350  图形: Drawing1.dwg
-------------


内部错误:  !dbobji.cpp@7227: eNotOpenForWrite

01/26/2022 at 19:52:35.306  图形: Drawing1.dwg
-------------


致命错误:  Unhandled Access Violation Reading 0x0000 Exception at 95d43bdbh

01/27/2022 at 10:24:01.552  图形: Drawing1.dwg
-------------


内部错误:  !dbobji.cpp@7227: eNotOpenForWrite

01/27/2022 at 10:35:50.521  图形: Drawing1.dwg
-------------


致命错误:  Unhandled Access Violation Reading 0x0000 Exception at 95d4431ah

01/28/2022 at 18:50:25.541  图形: C:\Users\Administrator\Desktop\18#审核(0608)-1027去铝膜.dwg
-------------


致命错误:  Unhandled Access Violation Reading 0x0000 Exception at da5d2800h

01/28/2022 at 18:51:35.124  图形: C:\Users\Administrator\Desktop\新块.dwg
-------------


致命错误:  Unhandled Access Violation Reading 0x0000 Exception at da482800h

01/28/2022 at 18:58:07.217  图形: C:\Users\Administrator\Desktop\18#审核(0608)-1027去铝膜.dwg
-------------


致命错误:  Unhandled Access Violation Reading 0x0000 Exception at d82a2800h

01/28/2022 at 19:03:32.455  图形: C:\Users\Administrator\Desktop\18#审核(0608)-1027去铝膜.dwg
-------------


致命错误:  Unhandled Access Violation Reading 0x0000 Exception at 95d041aah

01/28/2022 at 19:04:30.235  图形: C:\Users\Administrator\Desktop\18#审核(0608)-1027去铝膜.dwg
-------------


致命错误:  Unhandled Access Violation Reading 0x0000 Exception at 95d04134h

01/29/2022 at 08:38:07.220  图形: C:\Users\Administrator\Desktop\18#审核(0608)-1027去铝膜.dwg
-------------


致命错误:  Unhandled Access Violation Reading 0x0000 Exception at da5d4065h

01/29/2022 at 18:44:13.575  图形: Drawing1.dwg
-------------


致命错误:  Unhandled Access Violation Reading 0x0000 Exception at d82a4065h

01/29/2022 at 18:44:54.182  图形: Drawing1.dwg
-------------


内部错误:  !dbobji.cpp@7227: eNotOpenForWrite

02/24/2022 at 10:18:34.066  图形: Drawing1.dwg
-------------


内部错误:  !dbobji.cpp@7227: eNotOpenForWrite

02/26/2022 at 12:13:15.083  图形: Drawing1.dwg
-------------


内部错误:  !dbobji.cpp@7227: eNotOpenForWrite

02/26/2022 at 18:50:13.956  图形: C:\Users\Administrator\Desktop\Drawing1.dwg
-------------


致命错误:  Unhandled Access Violation Reading 0x0903 Exception at 5a799f6h

02/27/2022 at 15:01:11.704  图形: Drawing1.dwg
-------------


致命错误:  Unhandled Access Violation Writing 0x8ad6258 Exception at 456b130h

02/28/2022 at 09:40:58.763  图形: Drawing1.dwg
-------------


致命错误:  Unhandled Access Violation Reading 0x0000 Exception at 975d25cfh

02/28/2022 at 11:29:25.920  图形: Drawing1.dwg
-------------


致命错误:  Unhandled c000001dh Exception at 5ffb686h

02/28/2022 at 12:27:05.436  图形: E:\2021年项目\福星4期\20210712b地块出图last\14#审核(0608).dwg
-------------


致命错误:  Unhandled Access Violation Reading 0x0000 Exception at 97e2ac2eh

03/02/2022 at 11:21:36.313  图形: C:\Users\Administrator\Desktop\新块.dwg
-------------


致命错误:  Unhandled Access Violation Reading 0x0000 Exception at 97bf71beh

03/02/2022 at 11:23:24.122  图形: C:\Users\Administrator\Desktop\新块.dwg
-------------


致命错误:  Unhandled Access Violation Reading 0x0000 Exception at 97c9365eh

03/02/2022 at 11:31:53.898  图形: C:\Users\Administrator\Desktop\新块.dwg
-------------


致命错误:  Unhandled Access Violation Reading 0x0000 Exception at 97fe250eh

03/02/2022 at 11:35:57.748  图形: C:\Users\Administrator\Desktop\新块.dwg
-------------


内部错误:  !dbobji.cpp@7227: eNotOpenForWrite

03/02/2022 at 11:42:52.254  图形: C:\Users\Administrator\Desktop\新块.dwg
-------------
